********************************************************************************
DUPLICATOR-LITE PACKAGE-LOG: February 23, 2018 12:15 pm
NOTICE: Do NOT post to public sites or forums 
********************************************************************************
VERSION:	1.2.32
WORDPRESS:	4.8.3
PHP INFO:	5.6.32 | SAPI: cgi-fcgi
SERVER:		Apache 
PHP TIME LIMIT: (0) no time limit imposed 
PHP MAX MEMORY: 2048M (128M default) 
MEMORY STACK: 10MB 

********************************************************************************
DATABASE:
********************************************************************************
BUILD MODE:   MYSQLDUMP
MYSQLTIMEOUT: 5000
MYSQLDUMP:    Is Supported 
FILTERED: [] 
RESPONSE: Ran from /usr/bin/mysqldump 
TABLES: total:36 | filtered:0 | create:36 
SQL CREATED: 20180223_bushmen_7a89ff0bf6c240782206180223121439_database.sql 
SQL FILE SIZE: 6.71MB (7040726) 
SQL FILE TIME: 2018-02-23 12:15:13 
SQL RUNTIME: 0.50 sec. 

******************************************************************************** 
ARCHIVE (ZIP): 
******************************************************************************** 
ARCHIVE DIR:  /home/josecreativa/public_html/bushmen 
ARCHIVE FILE: 20180223_bushmen_7a89ff0bf6c240782206180223121439_archive.zip 
FILTERS: *OFF* 
DIRS:
	not set 
FILES:
	not set 
EXTS:  not set 
---------------------------------------- 
COMPRESSING 
SIZE:	219.85MB 
STATS:	Dirs 363 | Files 4,262 
SQL ADDED: 20180223_bushmen_7a89ff0bf6c240782206180223121439_database.sql 
ZipArchive Object
(
    [status] => 0
    [statusSys] => 0
    [numFiles] => 4625
    [filename] => /home/josecreativa/public_html/bushmen/wp-snapshots/tmp/20180223_bushmen_7a89ff0bf6c240782206180223121439_archive.zip
    [comment] => 
)
 
COMPRESSION RESULT: '1' 
COMPRESSED SIZE: 173.25MB 
ARCHIVE RUNTIME: 24.61 sec. 
MEMORY STACK: 11.5MB 

******************************************************************************** 
MAKE INSTALLER: 
******************************************************************************** 
Build Start 
Build Finished 
Preping for use 
PACK SIZE:  
Template parsed with new data 
Complete [/home/josecreativa/public_html/bushmen/wp-snapshots/tmp/20180223_bushmen_7a89ff0bf6c240782206180223121439_installer.php] 
Added to archive 

******************************************************************************** 
INTEGRITY CHECKS: 
******************************************************************************** 
SQL File: 6.71MB 
Installer File: 443.99KB 
Archive File: 173.25MB  

********************************************************************************
RECORD ID:[1]
TOTAL PROCESS RUNTIME: 27.16 sec.
PEAK PHP MEMORY USED: 14MB
DONE PROCESSING => 20180223_bushmen February 23, 2018 12:15 pm
 
